    1    7    7    0       0.207606
    2    7    7    0         0.1412
    3    7    7    0        0.78487
    4    7    7    2       0.111185
    5    7    7    2      0.0506755
    6    7    7    2      0.0218795
    7    7    7    2       0.166089
    8    7    7    3       0.126487
    9    7    7    3        0.22818
   10    7    7    3       0.470687
   11    7    7    4       0.883054
   12    7    7    6      0.0429263
   13    7    7    6        0.29842
   14    7    7    7       0.214914
   15    7    7    7      0.0963242
   16    7    7    8      0.0624982
   17    7    7    8       0.462353
   18    7    7    9       0.114126
   19    7    7    9       0.358752
   20    7    7   10      0.0344552
   21    7    7   10       0.300724
   22    7    7   11      0.0165042
   23    7    7   11      0.0534424
   24    7    7   11      0.0113712
   25    7    7   11       0.140156
   26    7    7   11       0.149758
   27    7    7   11      0.0335562
   28    7    7   11      0.0795975
   29    7    7   12      0.0404339
   30    7    7   12       0.133288
   31    7    7   12        0.10604
   32    7    7   12      0.0379075
   33    7    7   12      0.0713157
   34    7    7   12      0.0693085
   35    7    7   13       0.360319
   36    7    7   13       0.259078
   37    7    7   14      0.0891817
   38    7    7   14      0.0947251
   39    7    7   14     0.00148445
   40    7    7   14       0.417229
   41    7    7   15       0.477206
   42    7    7   16     0.00993673
   43    7    7   16      0.0581714
   44    7    7   16      0.0379387
   45    7    7   16       0.461592
   46    7    7   17       0.402811
   47    7    7   18       0.396128
   48    7    7   19       0.138152
   49    7    7   19      0.0674774
   50    7    7   19      0.0985552
   51    7    7   19      0.0166601
   52    7    7   19      0.0570914
   53    7    7   20        0.27515
   54    7    7   20      0.0129836
   55    7    7   20       0.272973
   56    7    7   21       0.202543
   57    7    7   21      0.0907375
   58    7    7   21      0.0442027
   59    7    7   21       0.785761
   60    7    7   23       0.469388
   61    7    7   24       0.341662
   62    7    7   25      0.0969882
   63    7    7   25      0.0257427
   64    7    7   25       0.079511
   65    7    7   25      0.0818861
   66    7    7   25       0.116599
   67    7    7   25      0.0618945
   68    7    7   25       0.359364
   69    7    7   26      0.0932689
   70    7    7   26      0.0210438
   71    7    7   26       0.269943
   72    7    7   27      0.0956768
   73    7    7   27      0.0336505
   74    7    7   27       0.266509
   75    7    7   28       0.614297
   76    7    7   29      0.0198523
   77    7    7   29      0.0174329
   78    7    7   29       0.240357
   79    7    7   29      0.0426799
   80    7    7   30      0.0971101
   81    7    7   30       0.122438
   82    7    7   30       0.641781
   83    7    7   31      0.0492476
   84    7    7   31      0.0689515
   85    7    7   31       0.251658
   86    7    7   32       0.364094
   87    7    7   33       0.135644
   88    7    7   33     0.00958132
   89    7    7   33       0.213468
   90    7    7   33       0.116785
   91    7    7   33      0.0214178
   92    7    7   34       0.144714
   93    7    7   34       0.087099
   94    7    7   34       0.315124
   95    7    7   35      0.0809544
   96    7    7   35       0.093682
   97    7    7   35       0.223918
   98    7    7   35       0.201852
   99    7    7   36       0.203398
  100    7    7   36       0.109816
  101    7    7   36       0.211273
  102    7    7   37      0.0715269
  103    7    7   37      0.0187356
  104    7    7   37       0.352125
  105    7    7   37       0.213273
  106    7    7   38       0.182386
  107    7    7   38       0.355137
  108    7    7   39       0.537761
  109    7    7   40       0.225135
  110    7    7   40       0.159814
  111    7    7   40       0.255234
  112    7    7   41       0.103647
  113    7    7   41       0.182128
  114    7    7   41       0.298578
  115    7    7   42       0.533109
  116    7    7   43       0.785641
  117    7    7   44       0.275322
  118    7    7   45       0.187914
  119    7    7   45       0.500272
  120    7    7   46       0.137801
  121    7    7   46       0.557267
  122    7    7   47     0.00474485
  123    7    7   47       0.143324
  124    7    7   48      0.0483565
  125    7    7   48      0.0232466
  126    7    7   48       0.294195
  127    7    7   48      0.0228591
  128    7    7   48       0.524832
  129    7    7   49       0.112953
  130    7    7   49       0.240597
  131    7    7   50      0.0954518
  132    7    7   50       0.221168
  133    7    7   50      0.0153431
  134    7    7   50     0.00319611
  135    7    7   50      0.0776686
  136    7    7   51       0.193981
  137    7    7   51      0.0373124
  138    7    7   51      0.0532935
  139    7    7   51       0.356259
  140    7    7   52      0.0649242
  141    7    7   52      0.0636273
  142    7    7   52      0.0202873
  143    7    7   52       0.068031
  144    7    7   52       0.126565
  145    7    7   52       0.184151
  146    7    7   53      0.0102613
  147    7    7   53      0.0897209
  148    7    7   53       0.153962
  149    7    7   53       0.106828
  150    7    7   53        0.20237
  151    7    7   54       0.618323
  152    7    7   55       0.024411
  153    7    7   55      0.0599661
  154    7    7   55      0.0597538
  155    7    7   55      0.0540202
  156    7    7   55      0.0467946
  157    7    7   55      0.0532508
  158    7    7   55      0.0419953
  159    7    7   55       0.871412
  160    7    7   57       0.370294
  161    7    7   57       0.806211
  162    7    7   59       0.182111
  163    7    7   59       0.658953
  164    7    7   60       0.692293
  165    7    7   61      0.0143666
  166    7    7   61       0.579863
  167    7    7   62       0.280392
  168    7    7   63       0.115925
  169    7    7   63       0.202367
  170    7    7   63       0.234672
  171    7    7   64       0.441062
  172    7    7   64       0.140987
  173    7    7   65      0.0648571
  174    7    7   65       0.134443
  175    7    7   65      0.0300604
  176    7    7   65       0.332775
  177    7    7   66       0.628384
  178    7    7   67      0.0231489
  179    7    7   67        0.28191
  180    7    7   67       0.311948
  181    7    7   68      0.0661557
  182    7    7   68       0.704138
  183    7    7   69       0.116334
  184    7    7   69        0.20342
  185    7    7   69      0.0048392
  186    7    7   69       0.167518
  187    7    7   70      0.0415566
  188    7    7   70        0.12788
  189    7    7   70       0.306926
  190    7    7   70       0.145615
  191    7    7   71       0.120605
  192    7    7   71       0.208203
  193    7    7   71     0.00788859
  194    7    7   71      0.0746182
  195    7    7   71       0.120569
  196    7    7   71       0.103511
  197    7    7   71       0.312237
  198    7    7   72        0.35755
  199    7    7   73    0.000959819
  200    7    7   73      0.0773352
  201    7    7   73      0.0439768
  202    7    7   73        0.29193
  203    7    7   73       0.264599
  204    7    7   74       0.051399
  205    7    7   74      0.0656909
  206    7    7   74       0.344195
  207    7    7   74       0.124392
  208    7    7   75       0.153125
  209    7    7   75      0.0304116
  210    7    7   75       0.189588
  211    7    7   75       0.153243
  212    7    7   75      0.0177022
  213    7    7   75       0.204992
  214    7    7   76     0.00318498
  215    7    7   76      0.0490223
  216    7    7   76       0.402651
  217    7    7   76       0.164565
  218    7    7   77       0.168837
  219    7    7   77       0.297211
  220    7    7   77      0.0523676
  221    7    7   78      0.0976099
  222    7    7   78       0.432732
  223    7    7   78       0.879125
  224    7    7   80      0.0724287
  225    7    7   80       0.145345
  226    7    7   80      0.0979631
  227    7    7   80       0.391565
  228    7    7   81        0.10182
  229    7    7   81       0.540463
  230    7    7   82       0.108417
  231    7    7   82       0.135684
  232    7    7   82      0.0287689
  233    7    7   82       0.191187
  234    7    7   83       0.132773
  235    7    7   83      0.0367393
  236    7    7   83      0.0840477
  237    7    7   83      0.0968675
  238    7    7   83      0.0168067
  239    7    7   83       0.732087
  240    7    7   84      0.0439012
  241    7    7   84       0.083987
  242    7    7   84       0.188174
  243    7    7   85       0.180589
  244    7    7   85       0.150881
  245    7    7   85       0.184523
  246    7    7   85      0.0256835
  247    7    7   85       0.280911
  248    7    7   86      0.0991965
  249    7    7   86       0.174798
  250    7    7   86      0.0603525
  251    7    7   86       0.451952
  252    7    7   87      0.0966106
  253    7    7   87       0.172837
  254    7    7   87       0.324961
  255    7    7   88        0.11122
  256    7    7   88      0.0823378
  257    7    7   88       0.292762
  258    7    7   89       0.290992
  259    7    7   89     0.00130872
  260    7    7   89       0.451217
  261    7    7   90      0.0682661
  262    7    7   90       0.276127
  263    7    7   90       0.066219
  264    7    7   90      0.0538586
  265    7    7   90        0.21045
  266    7    7   91       0.145413
  267    7    7   91        0.33339
  268    7    7   91       0.569667
  269    7    7   92       0.398412
  270    7    7   93       0.108126
  271    7    7   93      0.0746575
  272    7    7   93      0.0149986
  273    7    7   93      0.0617314
  274    7    7   93       0.188316
  275    7    7   93       0.256464
  276    7    7   94       0.254398
  277    7    7   94       0.102559
  278    7    7   94       0.101486
  279    7    7   94      0.0573666
  280    7    7   94       0.309302
  281    7    7   95       0.333671
  282    7    7   95         0.2198
  283    7    7   95       0.236368
  284    7    7   96      0.0749648
  285    7    7   96       0.150425
  286    7    7   96       0.118702
  287    7    7   96       0.368187
  288    7    7   97       0.354194
  289    7    7   97       0.035592
  290    7    7   97       0.302545
  291    7    7   98       0.251181
  292    7    7   98       0.283373
  293    7    7   98       0.150201
  294    7    7   99       0.404652
  295    7    7   99      0.0331252
  296    7    7   99       0.299071
  297    7    7  100       0.033501
  298    7    7  100    0.000587681
  299    7    7  100       0.034284
  300    7    7  100       0.094336
  301    7    7  100       0.316725
  302    7    7  100       0.198746
  303    7    7  100       0.393697
  304    7    7  101      0.0950979
  305    7    7  101        0.23632
  306    7    7  101      0.0426751
  307    7    7  101       0.108158
  308    7    7  102     0.00805795
  309    7    7  102      0.0929295
  310    7    7  102       0.121682
  311    7    7  102        0.11637
  312    7    7  102       0.452668
  313    7    7  103       0.134281
  314    7    7  103       0.197917
  315    7    7  103      0.0976007
  316    7    7  103      0.0262762
  317    7    7  103      0.0188111
  318    7    7  103      0.0287817
  319    7    7  103       0.477173
  320    7    7  104      0.0282736
  321    7    7  104         0.2666
  322    7    7  104       0.141029
  323    7    7  105       0.113205
  324    7    7  105        0.10492
  325    7    7  105       0.319307
  326    7    7  105     0.00362108
  327    7    7  105      0.0355355
  328    7    7  105       0.595128
  329    7    7  106      0.0942766
  330    7    7  106       0.117378
  331    7    7  106       0.168356
  332    7    7  107       0.264392
  333    7    7  107       0.287801
  334    7    7  107      0.0258111
  335    7    7  107       0.132193
  336    7    7  107      0.0691136
  337    7    7  108       0.317616
  338    7    7  108      0.0822369
  339    7    7  108        0.32517
  340    7    7  108      0.0424515
  341    7    7  109       0.295141
  342    7    7  109       0.260532
  343    7    7  109        0.32454
  344    7    7  110      0.0994804
  345    7    7  110       0.174303
  346    7    7  110      0.0933595
  347    7    7  110      0.0315526
  348    7    7  110      0.0329757
  349    7    7  110       0.732057
  350    7    7  111     0.00692551
  351    7    7  111      0.0118116
  352    7    7  111      0.0383982
  353    7    7  111       0.469038
  354    7    7  112       0.348864
  355    7    7  112       0.507248
  356    7    7  113       0.247132
  357    7    7  113       0.145003
  358    7    7  113      0.0987868
  359    7    7  113      0.0365169
  360    7    7  113      0.0323707
  361    7    7  113       0.247913
  362    7    7  113     0.00230916
  363    7    7  114      0.0284385
  364    7    7  114       0.148542
  365    7    7  114        0.26272
  366    7    7  114       0.138174
  367    7    7  114     0.00785403
  368    7    7  114       0.386917
  369    7    7  115      0.0829156
  370    7    7  115      0.0141999
  371    7    7  115      0.0644068
  372    7    7  115       0.241843
  373    7    7  115      0.0948692
  374    7    7  115       0.198509
  375    7    7  115      0.0837921
  376    7    7  116       0.540145
  377    7    7  116        0.14328
  378    7    7  116       0.294217
  379    7    7  117       0.229785
  380    7    7  117       0.220454
  381    7    7  117        0.13924
  382    7    7  117       0.187832
  383    7    7  117       0.235623
  384    7    7  118     0.00538091
  385    7    7  118      0.0171459
  386    7    7  118       0.292861
  387    7    7  118       0.217126
  388    7    7  118      0.0641586
  389    7    7  118      0.0222751
  390    7    7  118       0.213194
  391    7    7  119      0.0612459
  392    7    7  119      0.0275999
  393    7    7  119       0.327366
  394    7    7  119       0.051129
  395    7    7  119       0.196741
  396    7    7  119       0.133436
  397    7    7  120      0.0988864
  398    7    7  120       0.423467
  399    7    7  120      0.0281734
  400    7    7  120       0.094716
  401    7    7  120      0.0579385
  402    7    7  120      0.0243563
  403    7    7  120       0.240835
  404    7    7  121      0.0871675
  405    7    7  121       0.390454
  406    7    7  121       0.032944
  407    7    7  121      0.0730051
  408    7    7  121       0.158413
  409    7    7  121       0.313954
  410    7    7  122        0.01348
  411    7    7  122       0.220771
  412    7    7  122       0.197494
  413    7    7  122       0.849145
  414    7    7  123      0.0904501
  415    7    7  123       0.263736
  416    7    7  123       0.529419
  417    7    7  124       0.214908
  418    7    7  124      0.0113037
  419    7    7  124        0.10426
  420    7    7  124       0.254153
  421    7    7  125       0.318776
  422    7    7  125      0.0151798
  423    7    7  125       0.384408
  424    7    7  125      0.0186927
  425    7    7  125       0.270862
  426    7    7  125      0.0415484
  427    7    7  125       0.244994
  428    7    7  126      0.0806853
  429    7    7  126       0.516733
  430    7    7  126       0.207703
  431    7    7  127      0.0225481
  432    7    7  127      0.0302037
  433    7    7  127      0.0756918
  434    7    7  127       0.255484
  435    7    7  127       0.092702
  436    7    7  127     0.00422523
  437    7    7  127       0.313022
  438    7    7  127      0.0156873
  439    7    7  127       0.295618
  440    7    7  128       0.133565
  441    7    7  128       0.409452
  442    7    7  128      0.0870227
  443    7    7  128       0.111901
  444    7    7  128       0.192891
  445    7    7  128       0.386628
  446    7    7  129        1.00602
  447    7    7  130       0.104798
  448    7    7  130      0.0541799
  449    7    7  130       0.208417
  450    7    7  130       0.017368
  451    7    7  130       0.336925
  452    7    7  130       0.361299
  453    7    7  131       0.194504
  454    7    7  131      0.0394814
  455    7    7  131       0.283942
  456    7    7  131      0.0417317
  457    7    7  131      0.0748855
  458    7    7  131       0.649819
  459    7    7  132    0.000704207
  460    7    7  132       0.255524
  461    7    7  132      0.0861812
  462    7    7  132      0.0176779
  463    7    7  132      0.0486239
  464    7    7  132       0.138218
  465    7    7  132      0.0824884
  466    7    7  132      0.0783125
  467    7    7  132       0.474013
  468    7    7  133       0.209646
  469    7    7  133       0.040118
  470    7    7  133      0.0658348
  471    7    7  133       0.386205
  472    7    7  133       0.292328
  473    7    7  134       0.122207
  474    7    7  134       0.341451
  475    7    7  134       0.115904
  476    7    7  134      0.0728676
  477    7    7  134      0.0492188
  478    7    7  134     0.00779546
  479    7    7  134       0.177277
  480    7    7  134      0.0759488
  481    7    7  134      0.0806112
  482    7    7  135      0.0852017
  483    7    7  135      0.0704597
  484    7    7  135       0.281561
  485    7    7  135       0.109979
  486    7    7  135       0.179305
  487    7    7  135      0.0765307
  488    7    7  135     0.00151812
  489    7    7  135       0.136005
  490    7    7  135       0.102228
  491    7    7  135      0.0279566
  492    7    7  135      0.0789048
  493    7    7  135      0.0667962
  494    7    7  136       0.297884
  495    7    7  136      0.0333107
  496    7    7  136        1.12492
  497    7    7  137      0.0414855
  498    7    7  137      0.0836844
  499    7    7  137       0.139128
  500    7    7  137       0.202375
  501    7    7  137       0.319797
  502    7    7  137      0.0522772
  503    7    7  137      0.0528851
  504    7    7  137      0.0073751
  505    7    7  137        1.36328
  506    7    7  138      0.0895738
  507    7    7  138       0.159186
  508    7    7  138      0.0178925
  509    7    7  138        0.35033
  510    7    7  139       0.108565
  511    7    7  139       0.207522
  512    7    7  139       0.681715
  513    7    7  139       0.289912
  514    7    7  140       0.483141
  515    7    7  140       0.289312
  516    7    7  140      0.0293094
  517    7    7  140       0.147929
  518    7    7  140      0.0303131
  519    7    7  140     0.00520345
  520    7    7  140      0.0469634
  521    7    7  140      0.0840863
  522    7    7  140       0.141066
  523    7    7  140       0.479587
  524    7    7  141      0.0292501
  525    7    7  141       0.151098
  526    7    7  141      0.0639495
  527    7    7  141       0.546115
  528    7    7  141      0.0214499
  529    7    7  141       0.198803
  530    7    7  141      0.0235635
  531    7    7  141      0.0235826
  532    7    7  141       0.240171
  533    7    7  142      0.0917691
  534    7    7  142       0.204738
  535    7    7  142        0.25491
  536    7    7  142       0.107403
  537    7    7  142       0.396545
  538    7    7  142       0.143051
  539    7    7  142       0.126133
  540    7    7  142      0.0435201
  541    7    7  142       0.719495
  542    7    7  143      0.0149312
  543    7    7  143       0.330168
  544    7    7  143        0.14719
  545    7    7  143      0.0856329
  546    7    7  143      0.0326872
  547    7    7  143       0.343726
  548    7    7  143      0.0816778
  549    7    7  143      0.0910221
  550    7    7  143       0.120164
  551    7    7  143       0.384462
  552    7    7  144       0.157862
  553    7    7  144       0.960794
  554    7    7  144       0.221313
  555    7    7  144      0.0690573
  556    7    7  144      0.0142237
  557    7    7  144      0.0961452
  558    7    7  145      0.0038428
  559    7    7  145       0.239865
  560    7    7  145       0.169882
  561    7    7  145       0.164323
  562    7    7  145      0.0729272
  563    7    7  145      0.0384263
  564    7    7  145       0.197867
  565    7    7  145      0.0841676
  566    7    7  145      0.0663459
  567    7    7  145       0.382943
  568    7    7  145      0.0290357
  569    7    7  145      0.0433581
  570    7    7  145        0.54394
  571    7    7  146       0.180724
  572    7    7  146      0.0682116
  573    7    7  146        0.31863
  574    7    7  146       0.016459
  575    7    7  146      0.0144174
  576    7    7  146       0.212941
  577    7    7  146         0.2791
  578    7    7  146      0.0258108
  579    7    7  146      0.0400601
  580    7    7  146        0.36927
  581    7    7  146      0.0306778
  582    7    7  146      0.0827829
  583    7    7  146       0.041852
  584    7    7  146       0.216799
  585    7    7  146       0.203599
  586    7    7  147       0.117239
  587    7    7  147       0.448331
  588    7    7  147       0.207986
  589    7    7  147       0.137604
  590    7    7  147       0.287651
  591    7    7  147     0.00776803
  592    7    7  147      0.0890325
  593    7    7  147       0.118963
  594    7    7  147        0.27522
  595    7    7  147       0.485944
  596    7    7  147       0.352871
  597    7    7  148       0.158989
  598    7    7  148       0.188662
  599    7    7  148        0.32858
  600    7    7  148       0.238138
  601    7    7  148       0.438466
  602    7    7  148       0.075014
  603    7    7  148       0.100458
  604    7    7  148      0.0855084
  605    7    7  148      0.0622527
  606    7    7  148         1.1329
  607    7    6  149       0.271389
  608    7    6  149       0.176158
  609    7    6  149      0.0972354
  610    7    6  149      0.0687119
  611    7    6  149       0.884602
  612    7    6  149       0.114223
  613    7    6  149       0.134052
  614    7    6  149       0.311444
  615    7    6  149       0.237039
  616    7    6  149      0.0566893
  617    7    6  149       0.718214
  618    7    6  149       0.121715
  619    7    6  150       0.525336
  620    7    6  150       0.167318
  621    7    6  150       0.332627
  622    7    6  150        2.51788
  623    7    6  150       0.215781
  624    7    6  150       0.725986
  625    7    6  151        1.43836
  626    7    6  151         6.7878
  627    7    6  151      0.0154712
  628    7    6  150      0.0163907
  629    7    6  150      0.0199987
  630    7    6  150      0.0178263
  631    7    6  150      0.0216233
  632    7    6  150      0.0157716
  633    7    6  150      0.0178765
  634    7    6  149      0.0164536
  635    7    6  149      0.0190326
  636    7    6  149      0.0236614
  637    7    6  149      0.0296462
  638    7    6  149      0.0262318
  639    7    6  149      0.0270938
  640    7    6  149      0.0230924
  641    7    6  149      0.0201247
  642    7    6  149      0.0293027
  643    7    6  149      0.0272444
  644    7    6  149      0.0188824
  645    7    6  149       0.031696
  646    7    7  148      0.0166808
  647    7    7  148      0.0195922
  648    7    7  148      0.0357624
  649    7    7  148      0.0333857
  650    7    7  148      0.0317328
  651    7    7  148      0.0168082
  652    7    7  148      0.0370984
  653    7    7  148      0.0271967
  654    7    7  148      0.0250374
  655    7    7  148      0.0248494
  656    7    7  147      0.0382179
  657    7    7  147       0.017129
  658    7    7  147      0.0210311
  659    7    7  147      0.0336208
  660    7    7  147      0.0163854
  661    7    7  147      0.0241878
  662    7    7  147      0.0216971
  663    7    7  147      0.0185698
  664    7    7  147      0.0402294
  665    7    7  147      0.0194631
  666    7    7  147      0.0351259
  667    7    7  146      0.0239844
  668    7    7  146       0.028315
  669    7    7  146      0.0206487
  670    7    7  146      0.0166081
  671    7    7  146      0.0465679
  672    7    7  146      0.0179773
  673    7    7  146       0.037958
  674    7    7  146      0.0224849
  675    7    7  146      0.0178166
  676    7    7  146      0.0238479
  677    7    7  146      0.0159674
  678    7    7  146      0.0381713
  679    7    7  146      0.0383881
  680    7    7  146      0.0243539
  681    7    7  145      0.0385052
  682    7    7  145      0.0499198
  683    7    7  145      0.0490409
  684    7    7  145      0.0182978
  685    7    7  145      0.0263672
  686    7    7  145      0.0273194
  687    7    7  145      0.0260097
  688    7    7  145      0.0176479
  689    7    7  145      0.0205937
  690    7    7  145      0.0234775
  691    7    7  145      0.0166842
  692    7    7  144      0.0553684
  693    7    7  144      0.0291254
  694    7    7  144      0.0265704
  695    7    7  144      0.0220169
  696    7    7  144      0.0168018
  697    7    7  143      0.0164236
  698    7    7  143      0.0281573
  699    7    7  143      0.0221375
  700    7    7  143      0.0169384
  701    7    7  143      0.0179276
  702    7    7  143      0.0177789
  703    7    7  143      0.0272669
  704    7    7  143      0.0363028
  705    7    7  142      0.0405884
  706    7    7  142      0.0590509
  707    7    7  142       0.015692
  708    7    7  142      0.0153744
  709    7    7  142      0.0184507
  710    7    7  142      0.0243332
  711    7    7  142      0.0344255
  712    7    7  142      0.0162476
  713    7    7  142      0.0157547
  714    7    7  141      0.0588339
  715    7    7  141      0.0157115
  716    7    7  141      0.0196306
  717    7    7  141       0.029806
  718    7    7  141      0.0273485
  719    7    7  141      0.0352559
  720    7    7  140      0.0272844
  721    7    7  140      0.0323236
  722    7    7  140      0.0419448
  723    7    7  140       0.017649
  724    7    7  140       0.019037
  725    7    7  140        0.06281
  726    7    7  140      0.0636395
  727    7    7  140      0.0153174
  728    7    7  140      0.0235645
  729    7    7  139      0.0290421
  730    7    7  139      0.0159046
  731    7    7  139      0.0197417
  732    7    7  139      0.0174893
  733    7    7  138      0.0396641
  734    7    7  138      0.0321516
  735    7    7  138      0.0709003
  736    7    7  137      0.0261498
  737    7    7  137      0.0225171
  738    7    7  137      0.0218826
  739    7    7  137      0.0162786
  740    7    7  137      0.0257844
  741    7    7  137      0.0317328
  742    7    7  137        0.01748
  743    7    7  137      0.0207495
  744    7    7  136      0.0261837
  745    7    7  136      0.0178067
  746    7    7  136      0.0498777
  747    7    7  135      0.0192195
  748    7    7  135      0.0210912
  749    7    7  135      0.0174222
  750    7    7  135      0.0173549
  751    7    7  135      0.0348865
  752    7    7  135      0.0166085
  753    7    7  135      0.0168234
  754    7    7  135      0.0244939
  755    7    7  135      0.0153454
  756    7    7  135      0.0181125
  757    7    7  134      0.0395626
  758    7    7  134      0.0156992
  759    7    7  134      0.0329467
  760    7    7  134       0.000288
  761    7    7  135     0.00565845
  762    7    7  134       0.020054
  763    7    7  134      0.0240763
  764    7    7  134      0.0183612
  765    7    7  134      0.0501454
  766    7    7  134      0.0252427
  767    7    7  134      0.0164278
  768    7    7  133      0.0177912
  769    7    7  133      0.0166473
  770    7    7  133      0.0279416
  771    7    7  133      0.0468137
  772    7    7  133       0.016881
  773    7    7  132       0.060465
  774    7    7  132      0.0183439
  775    7    7  132      0.0161767
  776    7    7  132      0.0416767
  777    7    7  132       0.035084
  778    7    7  132      0.0269485
  779    7    7  132      0.0355343
  780    7    7  132      0.0157673
  781    7    7  131      0.0494752
  782    7    7  131       0.099299
  783    7    7  131      0.0185154
  784    7    7  130      0.0277468
  785    7    7  130       0.022409
  786    7    7  130      0.0332536
  787    7    7  130      0.0439904
  788    7    7  130      0.0454688
  789    7    7  130      0.0176323
  790    7    7  129      0.0300964
  791    7    7  128      0.0426926
  792    7    7  128      0.0221019
  793    7    7  127      0.0179899
  794    7    7  127      0.0279853
  795    7    7  127      0.0185774
  796    7    7  127      0.0603925
  797    7    7  127      0.0251784
  798    7    7  127       0.017561
  799    7    7  127      0.0191523
  800    7    7  127      0.0301211
  801    7    7  126      0.0157178
  802    7    7  126      0.0174375
  803    7    7  126      0.0573079
  804    7    7  125      0.0431309
  805    7    7  125      0.0178153
  806    7    7  125      0.0202794
  807    7    7  125      0.0199036
  808    7    7  125      0.0170968
  809    7    7  125      0.0505496
  810    7    7  124      0.0469077
  811    7    7  124       0.015806
  812    7    7  124      0.0301818
  813    7    7  124      0.0311972
  814    7    7  123      0.0306116
  815    7    7  123      0.0247418
  816    7    7  122      0.0156972
  817    7    7  122      0.0975069
  818    7    7  122      0.0244629
  819    7    7  121      0.0337418
  820    7    7  121      0.0411242
  821    7    7  121      0.0797988
  822    7    7  121      0.0197031
  823    7    7  120      0.0973977
  824    7    7  120      0.0665294
  825    7    7  120      0.0233888
  826    7    7  120      0.0608826
  827    7    7  120       0.101794
  828    7    7  119      0.0163003
  829    7    7  119      0.0670846
  830    7    7  119      0.0305285
  831    7    7  119       0.076459
  832    7    7  119      0.0188253
  833    7    7  119      0.0192519
  834    7    7  118      0.0159818
  835    7    7  118      0.0730651
  836    7    7  118      0.0485464
  837    7    7  118      0.0468851
  838    7    7  118      0.0195751
  839    7    7  118      0.0706658
  840    7    7  118      0.0410646
  841    7    7  118      0.0239454
  842    7    7  118      0.0211217
  843    7    7  117      0.0611856
  844    7    7  117      0.0456924
  845    7    7  117      0.0335305
  846    7    7  117     0.00895788
  847    7    7  117       0.063425
  848    7    7  116      0.0204007
  849    7    7  116      0.0877374
  850    7    7  116       0.033528
  851    7    7  116      0.0223563
  852    7    7  116      0.0194268
  853    7    7  115      0.0172945
  854    7    7  115      0.0199551
  855    7    7  115       0.016639
  856    7    7  115      0.0190722
  857    7    7  115      0.0222651
  858    7    7  115      0.0248067
  859    7    7  114      0.0182985
  860    7    7  114      0.0166256
  861    7    7  114      0.0278411
  862    7    7  114      0.0197741
  863    7    7  114      0.0204319
  864    7    7  114      0.0370503
  865    7    7  113      0.0613549
  866    7    7  113      0.0439662
  867    7    7  113      0.0421392
  868    7    7  113      0.0167051
  869    7    7  112      0.0179184
  870    7    7  112      0.0152737
  871    7    7  111      0.0167846
  872    7    7  111      0.0172232
  873    7    7  111      0.0196641
  874    7    7  111      0.0166188
  875    7    7  110      0.0275264
  876    7    7  110      0.0166433
  877    7    7  110      0.0398316
  878    7    7  110      0.0185902
  879    7    7  110      0.0234193
  880    7    7  109      0.0795122
  881    7    7  109      0.0156576
  882    7    7  109      0.0444328
  883    7    7  108      0.0727902
  884    7    7  108      0.0842076
  885    7    7  108      0.0307112
  886    7    7  108      0.0193413
  887    7    7  107      0.0344973
  888    7    7  107       0.020271
  889    7    7  107      0.0448268
  890    7    7  107       0.034611
  891    7    7  107      0.0152561
  892    7    7  106      0.0631353
  893    7    7  106      0.0229615
  894    7    7  105      0.0166256
  895    7    7  105      0.0275714
  896    7    7  105      0.0225271
  897    7    7  104      0.0160615
  898    7    7  104      0.0230801
  899    7    7  104      0.0291828
  900    7    7  103      0.0715083
  901    7    7  103      0.0472679
  902    7    7  103      0.0270902
  903    7    7  103      0.0173984
  904    7    7  103        0.06617
  905    7    7  103     0.00413038
  906    7    7  103        0.04513
  907    7    7  103      0.0159749
  908    7    7  102      0.0430192
  909    7    7  102      0.0613102
  910    7    7  101       0.017569
  911    7    7  101      0.0171238
  912    7    7  101      0.0170188
  913    7    7  101      0.0206304
  914    7    7  100      0.0276012
  915    7    7  100      0.0245367
  916    7    7  100      0.0959558
  917    7    7  100      0.0235999
  918    7    7  100      0.0289086
  919    7    7  100      0.0180938
  920    7    7   99      0.0232375
  921    7    7   99      0.0197758
  922    7    7   98      0.0601804
  923    7    7   97      0.0160638
  924    7    7   97      0.0205633
  925    7    7   96      0.0553716
  926    7    7   96      0.0882878
  927    7    7   96      0.0341615
  928    7    7   96      0.0535669
  929    7    7   95      0.0180277
  930    7    7   95      0.0566603
  931    7    7   94       0.025273
  932    7    7   94      0.0268169
  933    7    7   94      0.0305711
  934    7    7   93      0.0158275
  935    7    7   93      0.0329409
  936    7    7   93      0.0183325
  937    7    7   93      0.0271557
  938    7    7   92      0.0194262
  939    7    7   91      0.0371617
  940    7    7   91      0.0931595
  941    7    7   90      0.0555479
  942    7    7   90      0.0259629
  943    7    7   90      0.0156645
  944    7    7   90      0.0191654
  945    7    7   89      0.0453086
  946    7    7   89      0.0297301
  947    7    7   89      0.0275841
  948    7    7   88      0.0554298
  949    7    7   88      0.0192477
  950    7    7   87      0.0165473
  951    7    7   87      0.0474898
  952    7    7   87      0.0186297
  953    7    7   86      0.0258182
  954    7    7   86      0.0279312
  955    7    7   86      0.0214711
  956    7    7   85      0.0247706
  957    7    7   85      0.0242766
  958    7    7   85      0.0316053
  959    7    7   85       0.118393
  960    7    7   84      0.0524973
  961    7    7   84       0.029989
  962    7    7   83       0.024526
  963    7    7   83      0.0270955
  964    7    7   83      0.0446511
  965    7    7   83      0.0169249
  966    7    7   83      0.0161073
  967    7    7   82      0.0278564
  968    7    7   82      0.0187451
  969    7    7   82      0.0716043
  970    7    7   82      0.0320709
  971    7    7   82      0.0246767
  972    7    7   82      0.0263496
  973    7    7   81      0.0319844
  974    7    7   80      0.0899236
  975    7    7   80      0.0898303
  976    7    7   80       0.062852
  977    7    7   80      0.0293491
  978    7    7   78      0.0257855
  979    7    7   78      0.0348872
  980    7    7   78       0.106385
  981    7    7   77      0.0210785
  982    7    7   77       0.117108
  983    7    7   77      0.0400154
  984    7    7   76      0.0392524
  985    7    7   76      0.0189549
  986    7    7   76      0.0252633
  987    7    7   76       0.028764
  988    7    7   75       0.042319
  989    7    7   75      0.0627147
  990    7    7   75       0.109391
  991    7    7   75      0.0220559
  992    7    7   75      0.0542018
  993    7    7   74      0.0420132
  994    7    7   74      0.0161001
  995    7    7   74      0.0169346
  996    7    7   74      0.0222162
  997    7    7   73      0.0194117
  998    7    7   73       0.035361
  999    7    7   73      0.0353306
 1000    7    7   72      0.0213954
 1001    7    7   71      0.0335577
 1002    7    7   71      0.0390863
 1003    7    7   71      0.0210984
 1004    7    7   71      0.0424393
 1005    7    7   71      0.0178315
 1006    7    7   71       0.023349
 1007    7    7   71      0.0310855
 1008    7    7   71      0.0152499
 1009    7    7   70      0.0188566
 1010    7    7   70      0.0161878
 1011    7    7   70      0.0236466
 1012    7    7   70       0.029806
 1013    7    7   69      0.0272715
 1014    7    7   69       0.113146
 1015    7    7   69      0.0424782
 1016    7    7   69       0.133561
 1017    7    7   68      0.0315297
 1018    7    7   67      0.0229275
 1019    7    7   67      0.0674423
 1020    7    7   67      0.0269902
 1021    7    7   66      0.0224417
 1022    7    7   65      0.0163623
 1023    7    7   65      0.0497653
 1024    7    7   64      0.0175347
 1025    7    7   64       0.107402
 1026    7    7   63        0.03351
 1027    7    7   63       0.159647
 1028    7    7   63      0.0405522
 1029    7    7   62       0.015762
 1030    7    7   61      0.0664013
 1031    7    7   62        0.14942
 1032    7    7   62      0.0158866
 1033    7    7   61      0.0159552
 1034    7    7   60      0.0154851
 1035    7    7   59      0.0259663
 1036    7    7   57      0.0189376
 1037    7    7   55       0.015256
 1038    7    7   55      0.0214411
 1039    7    7   55      0.0176265
 1040    7    7   55      0.0261318
 1041    7    7   55      0.0230926
 1042    7    7   54      0.0316331
 1043    7    7   53     0.00809142
 1044    7    7   53      0.0394856
 1045    7    7   53      0.0258699
 1046    7    7   53      0.0173109
 1047    7    7   53      0.0229622
 1048    7    7   53      0.0265139
 1049    7    7   52      0.0285034
 1050    7    7   52      0.0187333
 1051    7    7   52      0.0183585
 1052    7    7   52       0.020221
 1053    7    7   52      0.0224478
 1054    7    7   51      0.0299009
 1055    7    7   51      0.0335044
 1056    7    7   51      0.0220803
 1057    7    7   50      0.0375148
 1058    7    7   50      0.0851874
 1059    7    7   50      0.0492857
 1060    7    7   50      0.0231565
 1061    7    7   50       0.016895
 1062    7    7   49      0.0750399
 1063    7    7   49      0.0315945
 1064    7    7   48      0.0235924
 1065    7    7   48      0.0208725
 1066    7    7   48      0.0509367
 1067    7    7   48     0.00533646
 1068    7    7   47     0.00555218
 1069    7    7   47       0.108033
 1070    7    7   47      0.0255009
 1071    7    7   46      0.0382248
 1072    7    7   46      0.0363925
 1073    7    7   45      0.0467971
 1074    7    7   45      0.0194195
 1075    7    7   44      0.0155952
 1076    7    7   42      0.0171307
 1077    7    7   41       0.152709
 1078    7    7   41      0.0740092
 1079    7    7   41       0.152348
 1080    7    7   41      0.0718129
 1081    7    7   41      0.0414066
 1082    7    7   40       0.015836
 1083    7    7   40       0.116692
 1084    7    7   39      0.0160619
 1085    7    7   38      0.0395488
 1086    7    7   37      0.0197077
 1087    7    7   37      0.0407711
 1088    7    7   37      0.0188357
 1089    7    7   36      0.0701194
 1090    7    7   36      0.0161144
 1091    7    7   36      0.0437579
 1092    7    7   35       0.143708
 1093    7    7   36      0.0815405
 1094    7    7   36      0.0240487
 1095    7    7   35      0.0497556
 1096    7    7   34       0.123358
 1097    7    7   33      0.0913097
 1098    7    7   33      0.0594979
 1099    7    7   33      0.0428368
 1100    7    7   33      0.0154712
 1101    7    7   33      0.0212902
 1102    7    7   32      0.0258547
 1103    7    7   31      0.0399246
 1104    7    7   31      0.0342652
 1105    7    7   31      0.0191414
 1106    7    7   30      0.0233715
 1107    7    7   30      0.0446186
 1108    7    7   29      0.0182781
 1109    7    7   29      0.0439788
 1110    7    7   29      0.0392659
 1111    7    7   29      0.0191897
 1112    7    7   29      0.0506696
 1113    7    7   29      0.0175398
 1114    7    7   28      0.0102056
 1115    7    7   28       0.246299
 1116    7    7   28       0.023997
 1117    7    7   27      0.0229423
 1118    7    7   27      0.0197689
 1119    7    7   26      0.0185824
 1120    7    7   26      0.0178385
 1121    7    7   25      0.0507653
 1122    7    7   25      0.0540523
 1123    7    7   25      0.0226684
 1124    7    7   25       0.054543
 1125    7    7   24      0.0190093
 1126    7    7   21      0.0294702
 1127    7    7   21      0.0256814
 1128    7    7   20       0.060602
 1129    7    7   20      0.0323925
 1130    7    7   19      0.0294195
 1131    7    7   19       0.110329
 1132    7    7   19      0.0164626
 1133    7    7   19      0.0394651
 1134    7    7   19      0.0254344
 1135    7    7   16      0.0203588
 1136    7    7   16      0.0291451
 1137    7    7   16      0.0162487
 1138    7    7   16      0.0173988
 1139    7    7   16      0.0212522
 1140    7    7   16        0.18326
 1141    7    7   15      0.0156558
 1142    7    7   14      0.0207496
 1143    7    7   14      0.0437648
 1144    7    7   14      0.0176766
 1145    7    7   14      0.0575387
 1146    7    7   13      0.0228116
 1147    7    7   13      0.0166367
 1148    7    7   12       0.017429
 1149    7    7   12      0.0193837
 1150    7    7   12      0.0374944
 1151    7    7   12      0.0174533
 1152    7    7   12      0.0212228
 1153    7    7   11      0.0153366
 1154    7    7   11      0.0692914
 1155    7    7   11       0.237103
 1156    7    7   11      0.0812196
 1157    7    7   10      0.0306209
 1158    7    7   10      0.0169655
 1159    7    7    9      0.0225491
 1160    7    7    9       0.120326
 1161    7    7    8      0.0284779
 1162    7    7    7      0.0347152
 1163    7    7    7      0.0202063
 1164    7    7    6      0.0168251
 1165    7    7    4      0.0251457
 1166    7    7    3      0.0391751
 1167    7    7    3      0.0220627
 1168    7    7    3        0.07689
 1169    7    7    2      0.0737277
 1170    7    7    2      0.0183936
 1171    7    7    2      0.0246937
 1172    7    7    2      0.0273419
 1173    7    7    0      0.0718236
